This file contains any messages produced by compilers while
running configure, to aid debugging if configure makes a mistake.

It was created by qodem configure 1.0.1, which was
generated by GNU Autoconf 2.69.  Invocation command line was

  $ ./configure --build=x86_64-redhat-linux-gnu --host=x86_64-redhat-linux-gnu --program-prefix= --disable-dependency-tracking --prefix=/usr --exec-prefix=/usr --bindir=/usr/bin --sbindir=/usr/sbin --sysconfdir=/etc --datadir=/usr/share --includedir=/usr/include --libdir=/usr/lib64 --libexecdir=/usr/libexec --localstatedir=/var --sharedstatedir=/var/lib --mandir=/usr/share/man --infodir=/usr/share/info --disable-sdl --disable-upnp --disable-ssh

## --------- ##
## Platform. ##
## --------- ##

hostname = titan
uname -m = x86_64
uname -r = 5.10.19-100.fc32.x86_64
uname -s = Linux
uname -v = #1 SMP Fri Feb 26 16:21:57 UTC 2021

/usr/bin/uname -p = x86_64
/bin/uname -X     = unknown

/bin/arch              = x86_64
/usr/bin/arch -k       = unknown
/usr/convex/getsysinfo = unknown
/usr/bin/hostinfo      = unknown
/bin/machine           = unknown
/usr/bin/oslevel       = unknown
/bin/universe          = unknown

PATH: /home/evan/.local/bin
PATH: /home/evan/bin
PATH: /usr/local/bin
PATH: /usr/local/sbin
PATH: /usr/bin
PATH: /usr/sbin
PATH: /var/lib/snapd/snap/bin
PATH: /opt/cisco/anyconnect/bin
PATH: /opt/cisco/vpn/bin
PATH: /opt/cisco/anyconnect/bin
PATH: /opt/cisco/vpn/bin


## ----------- ##
## Core tests. ##
## ----------- ##

configure:2208: checking for a BSD-compatible install
configure:2276: result: /usr/bin/install -c
configure:2287: checking whether build environment is sane
configure:2342: result: yes
configure:2486: checking for a thread-safe mkdir -p
configure:2525: result: /usr/bin/mkdir -p
configure:2532: checking for gawk
configure:2548: found /usr/bin/gawk
configure:2559: result: gawk
configure:2570: checking whether make sets $(MAKE)
configure:2592: result: yes
configure:2621: checking whether make supports nested variables
configure:2638: result: yes
configure:2773: checking for x86_64-redhat-linux-gnu-gcc
configure:2803: result: no
configure:2813: checking for gcc
configure:2829: found /usr/bin/gcc
configure:2840: result: gcc
configure:3069: checking for C compiler version
configure:3078: gcc --version >&5
gcc (GCC) 10.2.1 20201125 (Red Hat 10.2.1-9)
Copyright (C) 2020 Free Software Foundation, Inc.
This is free software; see the source for copying conditions.  There is NO
warranty; not even for MERCHANTABILITY or FITNESS FOR A PARTICULAR PURPOSE.

configure:3089: $? = 0
configure:3078: gcc -v >&5
Using built-in specs.
COLLECT_GCC=gcc
COLLECT_LTO_WRAPPER=/usr/libexec/gcc/x86_64-redhat-linux/10/lto-wrapper
OFFLOAD_TARGET_NAMES=nvptx-none
OFFLOAD_TARGET_DEFAULT=1
Target: x86_64-redhat-linux
Configured with: ../configure --enable-bootstrap --enable-languages=c,c++,fortran,objc,obj-c++,ada,go,d,lto --prefix=/usr --mandir=/usr/share/man --infodir=/usr/share/info --with-bugurl=http://bugzilla.redhat.com/bugzilla --enable-shared --enable-threads=posix --enable-checking=release --enable-multilib --with-system-zlib --enable-__cxa_atexit --disable-libunwind-exceptions --enable-gnu-unique-object --enable-linker-build-id --with-gcc-major-version-only --with-linker-hash-style=gnu --enable-plugin --enable-initfini-array --with-isl --enable-offload-targets=nvptx-none --without-cuda-driver --enable-gnu-indirect-function --enable-cet --with-tune=generic --with-arch_32=i686 --build=x86_64-redhat-linux
Thread model: posix
Supported LTO compression algorithms: zlib zstd
gcc version 10.2.1 20201125 (Red Hat 10.2.1-9) (GCC) 
... rest of stderr output deleted ...
configure:3089: $? = 0
configure:3078: gcc -V >&5
gcc: error: unrecognized command-line option '-V'
gcc: fatal error: no input files
compilation terminated.
configure:3089: $? = 1
configure:3078: gcc -qversion >&5
gcc: error: unrecognized command-line option '-qversion'; did you mean '--version'?
gcc: fatal error: no input files
compilation terminated.
configure:3089: $? = 1
configure:3109: checking whether the C compiler works
configure:3131: gcc -O2 -g -pipe -Wall -Werror=format-security -Wp,-D_FORTIFY_SOURCE=2 -Wp,-D_GLIBCXX_ASSERTIONS -fexceptions -fstack-protector-strong -grecord-gcc-switches -specs=/usr/lib/rpm/redhat/redhat-hardened-cc1 -specs=/usr/lib/rpm/redhat/redhat-annobin-cc1 -m64 -mtune=generic -fasynchronous-unwind-tables -fstack-clash-protection -fcf-protection  -Wl,-z,relro -Wl,--as-needed  -Wl,-z,now -specs=/usr/lib/rpm/redhat/redhat-hardened-ld conftest.c  >&5
configure:3135: $? = 0
configure:3183: result: yes
configure:3186: checking for C compiler default output file name
configure:3188: result: a.out
configure:3194: checking for suffix of executables
configure:3201: gcc -o conftest -O2 -g -pipe -Wall -Werror=format-security -Wp,-D_FORTIFY_SOURCE=2 -Wp,-D_GLIBCXX_ASSERTIONS -fexceptions -fstack-protector-strong -grecord-gcc-switches -specs=/usr/lib/rpm/redhat/redhat-hardened-cc1 -specs=/usr/lib/rpm/redhat/redhat-annobin-cc1 -m64 -mtune=generic -fasynchronous-unwind-tables -fstack-clash-protection -fcf-protection  -Wl,-z,relro -Wl,--as-needed  -Wl,-z,now -specs=/usr/lib/rpm/redhat/redhat-hardened-ld conftest.c  >&5
configure:3205: $? = 0
configure:3227: result: 
configure:3249: checking whether we are cross compiling
configure:3257: gcc -o conftest -O2 -g -pipe -Wall -Werror=format-security -Wp,-D_FORTIFY_SOURCE=2 -Wp,-D_GLIBCXX_ASSERTIONS -fexceptions -fstack-protector-strong -grecord-gcc-switches -specs=/usr/lib/rpm/redhat/redhat-hardened-cc1 -specs=/usr/lib/rpm/redhat/redhat-annobin-cc1 -m64 -mtune=generic -fasynchronous-unwind-tables -fstack-clash-protection -fcf-protection  -Wl,-z,relro -Wl,--as-needed  -Wl,-z,now -specs=/usr/lib/rpm/redhat/redhat-hardened-ld conftest.c  >&5
configure:3261: $? = 0
configure:3268: ./conftest
configure:3272: $? = 0
configure:3260: result: no
configure:3265: checking for suffix of object files
configure:3287: gcc -c -O2 -g -pipe -Wall -Werror=format-security -Wp,-D_FORTIFY_SOURCE=2 -Wp,-D_GLIBCXX_ASSERTIONS -fexceptions -fstack-protector-strong -grecord-gcc-switches -specs=/usr/lib/rpm/redhat/redhat-hardened-cc1 -specs=/usr/lib/rpm/redhat/redhat-annobin-cc1 -m64 -mtune=generic -fasynchronous-unwind-tables -fstack-clash-protection -fcf-protection  conftest.c >&5
configure:3291: $? = 0
configure:3312: result: o
configure:3316: checking whether we are using the GNU C compiler
configure:3335: gcc -c -O2 -g -pipe -Wall -Werror=format-security -Wp,-D_FORTIFY_SOURCE=2 -Wp,-D_GLIBCXX_ASSERTIONS -fexceptions -fstack-protector-strong -grecord-gcc-switches -specs=/usr/lib/rpm/redhat/redhat-hardened-cc1 -specs=/usr/lib/rpm/redhat/redhat-annobin-cc1 -m64 -mtune=generic -fasynchronous-unwind-tables -fstack-clash-protection -fcf-protection  conftest.c >&5
configure:3335: $? = 0
configure:3344: result: yes
configure:3353: checking whether gcc accepts -g
configure:3373: gcc -c -g  conftest.c >&5
configure:3373: $? = 0
configure:3414: result: yes
configure:3431: checking for gcc option to accept ISO C89
configure:3494: gcc  -c -O2 -g -pipe -Wall -Werror=format-security -Wp,-D_FORTIFY_SOURCE=2 -Wp,-D_GLIBCXX_ASSERTIONS -fexceptions -fstack-protector-strong -grecord-gcc-switches -specs=/usr/lib/rpm/redhat/redhat-hardened-cc1 -specs=/usr/lib/rpm/redhat/redhat-annobin-cc1 -m64 -mtune=generic -fasynchronous-unwind-tables -fstack-clash-protection -fcf-protection  conftest.c >&5
configure:3494: $? = 0
configure:3507: result: none needed
configure:3532: checking whether gcc understands -c and -o together
configure:3554: gcc -c conftest.c -o conftest2.o
configure:3557: $? = 0
configure:3554: gcc -c conftest.c -o conftest2.o
configure:3557: $? = 0
configure:3569: result: yes
configure:3589: checking whether make supports the include directive
configure:3604: make -f confmf.GNU && cat confinc.out
this is the am__doit target
configure:3607: $? = 0
configure:3626: result: yes (GNU style)
configure:3651: checking dependency style of gcc
configure:3762: result: none
configure:3787: checking how to run the C preprocessor
configure:3818: gcc -E  conftest.c
configure:3818: $? = 0
configure:3832: gcc -E  conftest.c
conftest.c:11:10: fatal error: ac_nonexistent.h: No such file or directory
   11 | #include <ac_nonexistent.h>
      |          ^~~~~~~~~~~~~~~~~~
compilation terminated.
configure:3832: $? = 1
configure: failed program was:
| /* confdefs.h */
| #define PACKAGE_NAME "qodem"
| #define PACKAGE_TARNAME "qodem"
| #define PACKAGE_VERSION "1.0.1"
| #define PACKAGE_STRING "qodem 1.0.1"
| #define PACKAGE_BUGREPORT ""
| #define PACKAGE_URL ""
| #define PACKAGE "qodem"
| #define VERSION "1.0.1"
| /* end confdefs.h.  */
| #include <ac_nonexistent.h>
configure:3857: result: gcc -E
configure:3877: gcc -E  conftest.c
configure:3877: $? = 0
configure:3891: gcc -E  conftest.c
conftest.c:11:10: fatal error: ac_nonexistent.h: No such file or directory
   11 | #include <ac_nonexistent.h>
      |          ^~~~~~~~~~~~~~~~~~
compilation terminated.
configure:3891: $? = 1
configure: failed program was:
| /* confdefs.h */
| #define PACKAGE_NAME "qodem"
| #define PACKAGE_TARNAME "qodem"
| #define PACKAGE_VERSION "1.0.1"
| #define PACKAGE_STRING "qodem 1.0.1"
| #define PACKAGE_BUGREPORT ""
| #define PACKAGE_URL ""
| #define PACKAGE "qodem"
| #define VERSION "1.0.1"
| /* end confdefs.h.  */
| #include <ac_nonexistent.h>
configure:3920: checking for grep that handles long lines and -e
configure:3978: result: /usr/bin/grep
configure:3983: checking for egrep
configure:4045: result: /usr/bin/grep -E
configure:4050: checking for ANSI C header files
configure:4070: gcc -c -O2 -g -pipe -Wall -Werror=format-security -Wp,-D_FORTIFY_SOURCE=2 -Wp,-D_GLIBCXX_ASSERTIONS -fexceptions -fstack-protector-strong -grecord-gcc-switches -specs=/usr/lib/rpm/redhat/redhat-hardened-cc1 -specs=/usr/lib/rpm/redhat/redhat-annobin-cc1 -m64 -mtune=generic -fasynchronous-unwind-tables -fstack-clash-protection -fcf-protection -DQ_NO_NEWTERM  conftest.c >&5
configure:4070: $? = 0
configure:4143: gcc -o conftest -O2 -g -pipe -Wall -Werror=format-security -Wp,-D_FORTIFY_SOURCE=2 -Wp,-D_GLIBCXX_ASSERTIONS -fexceptions -fstack-protector-strong -grecord-gcc-switches -specs=/usr/lib/rpm/redhat/redhat-hardened-cc1 -specs=/usr/lib/rpm/redhat/redhat-annobin-cc1 -m64 -mtune=generic -fasynchronous-unwind-tables -fstack-clash-protection -fcf-protection -DQ_NO_NEWTERM  -Wl,-z,relro -Wl,--as-needed  -Wl,-z,now -specs=/usr/lib/rpm/redhat/redhat-hardened-ld conftest.c  >&5
configure:4143: $? = 0
configure:4143: ./conftest
configure:4143: $? = 0
configure:4154: result: yes
configure:4167: checking for sys/types.h
configure:4167: gcc -c -O2 -g -pipe -Wall -Werror=format-security -Wp,-D_FORTIFY_SOURCE=2 -Wp,-D_GLIBCXX_ASSERTIONS -fexceptions -fstack-protector-strong -grecord-gcc-switches -specs=/usr/lib/rpm/redhat/redhat-hardened-cc1 -specs=/usr/lib/rpm/redhat/redhat-annobin-cc1 -m64 -mtune=generic -fasynchronous-unwind-tables -fstack-clash-protection -fcf-protection -DQ_NO_NEWTERM  conftest.c >&5
configure:4167: $? = 0
configure:4167: result: yes
configure:4167: checking for sys/stat.h
configure:4167: gcc -c -O2 -g -pipe -Wall -Werror=format-security -Wp,-D_FORTIFY_SOURCE=2 -Wp,-D_GLIBCXX_ASSERTIONS -fexceptions -fstack-protector-strong -grecord-gcc-switches -specs=/usr/lib/rpm/redhat/redhat-hardened-cc1 -specs=/usr/lib/rpm/redhat/redhat-annobin-cc1 -m64 -mtune=generic -fasynchronous-unwind-tables -fstack-clash-protection -fcf-protection -DQ_NO_NEWTERM  conftest.c >&5
configure:4167: $? = 0
configure:4167: result: yes
configure:4167: checking for stdlib.h
configure:4167: gcc -c -O2 -g -pipe -Wall -Werror=format-security -Wp,-D_FORTIFY_SOURCE=2 -Wp,-D_GLIBCXX_ASSERTIONS -fexceptions -fstack-protector-strong -grecord-gcc-switches -specs=/usr/lib/rpm/redhat/redhat-hardened-cc1 -specs=/usr/lib/rpm/redhat/redhat-annobin-cc1 -m64 -mtune=generic -fasynchronous-unwind-tables -fstack-clash-protection -fcf-protection -DQ_NO_NEWTERM  conftest.c >&5
configure:4167: $? = 0
configure:4167: result: yes
configure:4167: checking for string.h
configure:4167: gcc -c -O2 -g -pipe -Wall -Werror=format-security -Wp,-D_FORTIFY_SOURCE=2 -Wp,-D_GLIBCXX_ASSERTIONS -fexceptions -fstack-protector-strong -grecord-gcc-switches -specs=/usr/lib/rpm/redhat/redhat-hardened-cc1 -specs=/usr/lib/rpm/redhat/redhat-annobin-cc1 -m64 -mtune=generic -fasynchronous-unwind-tables -fstack-clash-protection -fcf-protection -DQ_NO_NEWTERM  conftest.c >&5
configure:4167: $? = 0
configure:4167: result: yes
configure:4167: checking for memory.h
configure:4167: gcc -c -O2 -g -pipe -Wall -Werror=format-security -Wp,-D_FORTIFY_SOURCE=2 -Wp,-D_GLIBCXX_ASSERTIONS -fexceptions -fstack-protector-strong -grecord-gcc-switches -specs=/usr/lib/rpm/redhat/redhat-hardened-cc1 -specs=/usr/lib/rpm/redhat/redhat-annobin-cc1 -m64 -mtune=generic -fasynchronous-unwind-tables -fstack-clash-protection -fcf-protection -DQ_NO_NEWTERM  conftest.c >&5
configure:4167: $? = 0
configure:4167: result: yes
configure:4167: checking for strings.h
configure:4167: gcc -c -O2 -g -pipe -Wall -Werror=format-security -Wp,-D_FORTIFY_SOURCE=2 -Wp,-D_GLIBCXX_ASSERTIONS -fexceptions -fstack-protector-strong -grecord-gcc-switches -specs=/usr/lib/rpm/redhat/redhat-hardened-cc1 -specs=/usr/lib/rpm/redhat/redhat-annobin-cc1 -m64 -mtune=generic -fasynchronous-unwind-tables -fstack-clash-protection -fcf-protection -DQ_NO_NEWTERM  conftest.c >&5
configure:4167: $? = 0
configure:4167: result: yes
configure:4167: checking for inttypes.h
configure:4167: gcc -c -O2 -g -pipe -Wall -Werror=format-security -Wp,-D_FORTIFY_SOURCE=2 -Wp,-D_GLIBCXX_ASSERTIONS -fexceptions -fstack-protector-strong -grecord-gcc-switches -specs=/usr/lib/rpm/redhat/redhat-hardened-cc1 -specs=/usr/lib/rpm/redhat/redhat-annobin-cc1 -m64 -mtune=generic -fasynchronous-unwind-tables -fstack-clash-protection -fcf-protection -DQ_NO_NEWTERM  conftest.c >&5
configure:4167: $? = 0
configure:4167: result: yes
configure:4167: checking for stdint.h
configure:4167: gcc -c -O2 -g -pipe -Wall -Werror=format-security -Wp,-D_FORTIFY_SOURCE=2 -Wp,-D_GLIBCXX_ASSERTIONS -fexceptions -fstack-protector-strong -grecord-gcc-switches -specs=/usr/lib/rpm/redhat/redhat-hardened-cc1 -specs=/usr/lib/rpm/redhat/redhat-annobin-cc1 -m64 -mtune=generic -fasynchronous-unwind-tables -fstack-clash-protection -fcf-protection -DQ_NO_NEWTERM  conftest.c >&5
configure:4167: $? = 0
configure:4167: result: yes
configure:4167: checking for unistd.h
configure:4167: gcc -c -O2 -g -pipe -Wall -Werror=format-security -Wp,-D_FORTIFY_SOURCE=2 -Wp,-D_GLIBCXX_ASSERTIONS -fexceptions -fstack-protector-strong -grecord-gcc-switches -specs=/usr/lib/rpm/redhat/redhat-hardened-cc1 -specs=/usr/lib/rpm/redhat/redhat-annobin-cc1 -m64 -mtune=generic -fasynchronous-unwind-tables -fstack-clash-protection -fcf-protection -DQ_NO_NEWTERM  conftest.c >&5
configure:4167: $? = 0
configure:4167: result: yes
configure:4181: checking sys/select.h usability
configure:4181: gcc -c -O2 -g -pipe -Wall -Werror=format-security -Wp,-D_FORTIFY_SOURCE=2 -Wp,-D_GLIBCXX_ASSERTIONS -fexceptions -fstack-protector-strong -grecord-gcc-switches -specs=/usr/lib/rpm/redhat/redhat-hardened-cc1 -specs=/usr/lib/rpm/redhat/redhat-annobin-cc1 -m64 -mtune=generic -fasynchronous-unwind-tables -fstack-clash-protection -fcf-protection -DQ_NO_NEWTERM  conftest.c >&5
configure:4181: $? = 0
configure:4181: result: yes
configure:4181: checking sys/select.h presence
configure:4181: gcc -E  conftest.c
configure:4181: $? = 0
configure:4181: result: yes
configure:4181: checking for sys/select.h
configure:4181: result: yes
configure:4193: checking pty.h usability
configure:4193: gcc -c -O2 -g -pipe -Wall -Werror=format-security -Wp,-D_FORTIFY_SOURCE=2 -Wp,-D_GLIBCXX_ASSERTIONS -fexceptions -fstack-protector-strong -grecord-gcc-switches -specs=/usr/lib/rpm/redhat/redhat-hardened-cc1 -specs=/usr/lib/rpm/redhat/redhat-annobin-cc1 -m64 -mtune=generic -fasynchronous-unwind-tables -fstack-clash-protection -fcf-protection -DQ_NO_NEWTERM  conftest.c >&5
configure:4193: $? = 0
configure:4193: result: yes
configure:4193: checking pty.h presence
configure:4193: gcc -E  conftest.c
configure:4193: $? = 0
configure:4193: result: yes
configure:4193: checking for pty.h
configure:4193: result: yes
configure:4205: checking libutil.h usability
configure:4205: gcc -c -O2 -g -pipe -Wall -Werror=format-security -Wp,-D_FORTIFY_SOURCE=2 -Wp,-D_GLIBCXX_ASSERTIONS -fexceptions -fstack-protector-strong -grecord-gcc-switches -specs=/usr/lib/rpm/redhat/redhat-hardened-cc1 -specs=/usr/lib/rpm/redhat/redhat-annobin-cc1 -m64 -mtune=generic -fasynchronous-unwind-tables -fstack-clash-protection -fcf-protection -DQ_NO_NEWTERM  conftest.c >&5
conftest.c:56:10: fatal error: libutil.h: No such file or directory
   56 | #include <libutil.h>
      |          ^~~~~~~~~~~
compilation terminated.
configure:4205: $? = 1
configure: failed program was:
| /* confdefs.h */
| #define PACKAGE_NAME "qodem"
| #define PACKAGE_TARNAME "qodem"
| #define PACKAGE_VERSION "1.0.1"
| #define PACKAGE_STRING "qodem 1.0.1"
| #define PACKAGE_BUGREPORT ""
| #define PACKAGE_URL ""
| #define PACKAGE "qodem"
| #define VERSION "1.0.1"
| #define STDC_HEADERS 1
| #define HAVE_SYS_TYPES_H 1
| #define HAVE_SYS_STAT_H 1
| #define HAVE_STDLIB_H 1
| #define HAVE_STRING_H 1
| #define HAVE_MEMORY_H 1
| #define HAVE_STRINGS_H 1
| #define HAVE_INTTYPES_H 1
| #define HAVE_STDINT_H 1
| #define HAVE_UNISTD_H 1
| #define HAVE_SYS_SELECT_H 1
| #define HAVE_PTY_H 1
| /* end confdefs.h.  */
| #include <stdio.h>
| #ifdef HAVE_SYS_TYPES_H
| # include <sys/types.h>
| #endif
| #ifdef HAVE_SYS_STAT_H
| # include <sys/stat.h>
| #endif
| #ifdef STDC_HEADERS
| # include <stdlib.h>
| # include <stddef.h>
| #else
| # ifdef HAVE_STDLIB_H
| #  include <stdlib.h>
| # endif
| #endif
| #ifdef HAVE_STRING_H
| # if !defined STDC_HEADERS && defined HAVE_MEMORY_H
| #  include <memory.h>
| # endif
| # include <string.h>
| #endif
| #ifdef HAVE_STRINGS_H
| # include <strings.h>
| #endif
| #ifdef HAVE_INTTYPES_H
| # include <inttypes.h>
| #endif
| #ifdef HAVE_STDINT_H
| # include <stdint.h>
| #endif
| #ifdef HAVE_UNISTD_H
| # include <unistd.h>
| #endif
| #include <libutil.h>
configure:4205: result: no
configure:4205: checking libutil.h presence
configure:4205: gcc -E  conftest.c
conftest.c:23:10: fatal error: libutil.h: No such file or directory
   23 | #include <libutil.h>
      |          ^~~~~~~~~~~
compilation terminated.
configure:4205: $? = 1
configure: failed program was:
| /* confdefs.h */
| #define PACKAGE_NAME "qodem"
| #define PACKAGE_TARNAME "qodem"
| #define PACKAGE_VERSION "1.0.1"
| #define PACKAGE_STRING "qodem 1.0.1"
| #define PACKAGE_BUGREPORT ""
| #define PACKAGE_URL ""
| #define PACKAGE "qodem"
| #define VERSION "1.0.1"
| #define STDC_HEADERS 1
| #define HAVE_SYS_TYPES_H 1
| #define HAVE_SYS_STAT_H 1
| #define HAVE_STDLIB_H 1
| #define HAVE_STRING_H 1
| #define HAVE_MEMORY_H 1
| #define HAVE_STRINGS_H 1
| #define HAVE_INTTYPES_H 1
| #define HAVE_STDINT_H 1
| #define HAVE_UNISTD_H 1
| #define HAVE_SYS_SELECT_H 1
| #define HAVE_PTY_H 1
| /* end confdefs.h.  */
| #include <libutil.h>
configure:4205: result: no
configure:4205: checking for libutil.h
configure:4205: result: no
configure:4217: checking util.h usability
configure:4217: gcc -c -O2 -g -pipe -Wall -Werror=format-security -Wp,-D_FORTIFY_SOURCE=2 -Wp,-D_GLIBCXX_ASSERTIONS -fexceptions -fstack-protector-strong -grecord-gcc-switches -specs=/usr/lib/rpm/redhat/redhat-hardened-cc1 -specs=/usr/lib/rpm/redhat/redhat-annobin-cc1 -m64 -mtune=generic -fasynchronous-unwind-tables -fstack-clash-protection -fcf-protection -DQ_NO_NEWTERM  conftest.c >&5
conftest.c:56:10: fatal error: util.h: No such file or directory
   56 | #include <util.h>
      |          ^~~~~~~~
compilation terminated.
configure:4217: $? = 1
configure: failed program was:
| /* confdefs.h */
| #define PACKAGE_NAME "qodem"
| #define PACKAGE_TARNAME "qodem"
| #define PACKAGE_VERSION "1.0.1"
| #define PACKAGE_STRING "qodem 1.0.1"
| #define PACKAGE_BUGREPORT ""
| #define PACKAGE_URL ""
| #define PACKAGE "qodem"
| #define VERSION "1.0.1"
| #define STDC_HEADERS 1
| #define HAVE_SYS_TYPES_H 1
| #define HAVE_SYS_STAT_H 1
| #define HAVE_STDLIB_H 1
| #define HAVE_STRING_H 1
| #define HAVE_MEMORY_H 1
| #define HAVE_STRINGS_H 1
| #define HAVE_INTTYPES_H 1
| #define HAVE_STDINT_H 1
| #define HAVE_UNISTD_H 1
| #define HAVE_SYS_SELECT_H 1
| #define HAVE_PTY_H 1
| /* end confdefs.h.  */
| #include <stdio.h>
| #ifdef HAVE_SYS_TYPES_H
| # include <sys/types.h>
| #endif
| #ifdef HAVE_SYS_STAT_H
| # include <sys/stat.h>
| #endif
| #ifdef STDC_HEADERS
| # include <stdlib.h>
| # include <stddef.h>
| #else
| # ifdef HAVE_STDLIB_H
| #  include <stdlib.h>
| # endif
| #endif
| #ifdef HAVE_STRING_H
| # if !defined STDC_HEADERS && defined HAVE_MEMORY_H
| #  include <memory.h>
| # endif
| # include <string.h>
| #endif
| #ifdef HAVE_STRINGS_H
| # include <strings.h>
| #endif
| #ifdef HAVE_INTTYPES_H
| # include <inttypes.h>
| #endif
| #ifdef HAVE_STDINT_H
| # include <stdint.h>
| #endif
| #ifdef HAVE_UNISTD_H
| # include <unistd.h>
| #endif
| #include <util.h>
configure:4217: result: no
configure:4217: checking util.h presence
configure:4217: gcc -E  conftest.c
conftest.c:23:10: fatal error: util.h: No such file or directory
   23 | #include <util.h>
      |          ^~~~~~~~
compilation terminated.
configure:4217: $? = 1
configure: failed program was:
| /* confdefs.h */
| #define PACKAGE_NAME "qodem"
| #define PACKAGE_TARNAME "qodem"
| #define PACKAGE_VERSION "1.0.1"
| #define PACKAGE_STRING "qodem 1.0.1"
| #define PACKAGE_BUGREPORT ""
| #define PACKAGE_URL ""
| #define PACKAGE "qodem"
| #define VERSION "1.0.1"
| #define STDC_HEADERS 1
| #define HAVE_SYS_TYPES_H 1
| #define HAVE_SYS_STAT_H 1
| #define HAVE_STDLIB_H 1
| #define HAVE_STRING_H 1
| #define HAVE_MEMORY_H 1
| #define HAVE_STRINGS_H 1
| #define HAVE_INTTYPES_H 1
| #define HAVE_STDINT_H 1
| #define HAVE_UNISTD_H 1
| #define HAVE_SYS_SELECT_H 1
| #define HAVE_PTY_H 1
| /* end confdefs.h.  */
| #include <util.h>
configure:4217: result: no
configure:4217: checking for util.h
configure:4217: result: no
configure:4229: checking getopt.h usability
configure:4229: gcc -c -O2 -g -pipe -Wall -Werror=format-security -Wp,-D_FORTIFY_SOURCE=2 -Wp,-D_GLIBCXX_ASSERTIONS -fexceptions -fstack-protector-strong -grecord-gcc-switches -specs=/usr/lib/rpm/redhat/redhat-hardened-cc1 -specs=/usr/lib/rpm/redhat/redhat-annobin-cc1 -m64 -mtune=generic -fasynchronous-unwind-tables -fstack-clash-protection -fcf-protection -DQ_NO_NEWTERM  conftest.c >&5
configure:4229: $? = 0
configure:4229: result: yes
configure:4229: checking getopt.h presence
configure:4229: gcc -E  conftest.c
configure:4229: $? = 0
configure:4229: result: yes
configure:4229: checking for getopt.h
configure:4229: result: yes
configure:4241: checking ncursesw/curses.h usability
configure:4241: gcc -c -O2 -g -pipe -Wall -Werror=format-security -Wp,-D_FORTIFY_SOURCE=2 -Wp,-D_GLIBCXX_ASSERTIONS -fexceptions -fstack-protector-strong -grecord-gcc-switches -specs=/usr/lib/rpm/redhat/redhat-hardened-cc1 -specs=/usr/lib/rpm/redhat/redhat-annobin-cc1 -m64 -mtune=generic -fasynchronous-unwind-tables -fstack-clash-protection -fcf-protection -DQ_NO_NEWTERM  conftest.c >&5
configure:4241: $? = 0
configure:4241: result: yes
configure:4241: checking ncursesw/curses.h presence
configure:4241: gcc -E  conftest.c
configure:4241: $? = 0
configure:4241: result: yes
configure:4241: checking for ncursesw/curses.h
configure:4241: result: yes
configure:4253: checking miniupnpc/miniupnpc.h usability
configure:4253: gcc -c -O2 -g -pipe -Wall -Werror=format-security -Wp,-D_FORTIFY_SOURCE=2 -Wp,-D_GLIBCXX_ASSERTIONS -fexceptions -fstack-protector-strong -grecord-gcc-switches -specs=/usr/lib/rpm/redhat/redhat-hardened-cc1 -specs=/usr/lib/rpm/redhat/redhat-annobin-cc1 -m64 -mtune=generic -fasynchronous-unwind-tables -fstack-clash-protection -fcf-protection -DQ_NO_NEWTERM  conftest.c >&5
conftest.c:58:10: fatal error: miniupnpc/miniupnpc.h: No such file or directory
   58 | #include <miniupnpc/miniupnpc.h>
      |          ^~~~~~~~~~~~~~~~~~~~~~~
compilation terminated.
configure:4253: $? = 1
configure: failed program was:
| /* confdefs.h */
| #define PACKAGE_NAME "qodem"
| #define PACKAGE_TARNAME "qodem"
| #define PACKAGE_VERSION "1.0.1"
| #define PACKAGE_STRING "qodem 1.0.1"
| #define PACKAGE_BUGREPORT ""
| #define PACKAGE_URL ""
| #define PACKAGE "qodem"
| #define VERSION "1.0.1"
| #define STDC_HEADERS 1
| #define HAVE_SYS_TYPES_H 1
| #define HAVE_SYS_STAT_H 1
| #define HAVE_STDLIB_H 1
| #define HAVE_STRING_H 1
| #define HAVE_MEMORY_H 1
| #define HAVE_STRINGS_H 1
| #define HAVE_INTTYPES_H 1
| #define HAVE_STDINT_H 1
| #define HAVE_UNISTD_H 1
| #define HAVE_SYS_SELECT_H 1
| #define HAVE_PTY_H 1
| #define HAVE_GETOPT_H 1
| #define HAVE_NCURSESW_CURSES_H 1
| /* end confdefs.h.  */
| #include <stdio.h>
| #ifdef HAVE_SYS_TYPES_H
| # include <sys/types.h>
| #endif
| #ifdef HAVE_SYS_STAT_H
| # include <sys/stat.h>
| #endif
| #ifdef STDC_HEADERS
| # include <stdlib.h>
| # include <stddef.h>
| #else
| # ifdef HAVE_STDLIB_H
| #  include <stdlib.h>
| # endif
| #endif
| #ifdef HAVE_STRING_H
| # if !defined STDC_HEADERS && defined HAVE_MEMORY_H
| #  include <memory.h>
| # endif
| # include <string.h>
| #endif
| #ifdef HAVE_STRINGS_H
| # include <strings.h>
| #endif
| #ifdef HAVE_INTTYPES_H
| # include <inttypes.h>
| #endif
| #ifdef HAVE_STDINT_H
| # include <stdint.h>
| #endif
| #ifdef HAVE_UNISTD_H
| # include <unistd.h>
| #endif
| #include <miniupnpc/miniupnpc.h>
configure:4253: result: no
configure:4253: checking miniupnpc/miniupnpc.h presence
configure:4253: gcc -E  conftest.c
conftest.c:25:10: fatal error: miniupnpc/miniupnpc.h: No such file or directory
   25 | #include <miniupnpc/miniupnpc.h>
      |          ^~~~~~~~~~~~~~~~~~~~~~~
compilation terminated.
configure:4253: $? = 1
configure: failed program was:
| /* confdefs.h */
| #define PACKAGE_NAME "qodem"
| #define PACKAGE_TARNAME "qodem"
| #define PACKAGE_VERSION "1.0.1"
| #define PACKAGE_STRING "qodem 1.0.1"
| #define PACKAGE_BUGREPORT ""
| #define PACKAGE_URL ""
| #define PACKAGE "qodem"
| #define VERSION "1.0.1"
| #define STDC_HEADERS 1
| #define HAVE_SYS_TYPES_H 1
| #define HAVE_SYS_STAT_H 1
| #define HAVE_STDLIB_H 1
| #define HAVE_STRING_H 1
| #define HAVE_MEMORY_H 1
| #define HAVE_STRINGS_H 1
| #define HAVE_INTTYPES_H 1
| #define HAVE_STDINT_H 1
| #define HAVE_UNISTD_H 1
| #define HAVE_SYS_SELECT_H 1
| #define HAVE_PTY_H 1
| #define HAVE_GETOPT_H 1
| #define HAVE_NCURSESW_CURSES_H 1
| /* end confdefs.h.  */
| #include <miniupnpc/miniupnpc.h>
configure:4253: result: no
configure:4253: checking for miniupnpc/miniupnpc.h
configure:4253: result: no
configure:4264: checking for library containing forkpty
configure:4295: gcc -o conftest -O2 -g -pipe -Wall -Werror=format-security -Wp,-D_FORTIFY_SOURCE=2 -Wp,-D_GLIBCXX_ASSERTIONS -fexceptions -fstack-protector-strong -grecord-gcc-switches -specs=/usr/lib/rpm/redhat/redhat-hardened-cc1 -specs=/usr/lib/rpm/redhat/redhat-annobin-cc1 -m64 -mtune=generic -fasynchronous-unwind-tables -fstack-clash-protection -fcf-protection -DQ_NO_NEWTERM  -Wl,-z,relro -Wl,--as-needed  -Wl,-z,now -specs=/usr/lib/rpm/redhat/redhat-hardened-ld conftest.c  >&5
/usr/bin/ld: /tmp/cclCt15x.o: in function `main':
/home/evan/rpmbuild/BUILD/qodem-1.0.1/conftest.c:36: undefined reference to `forkpty'
collect2: error: ld returned 1 exit status
configure:4295: $? = 1
configure: failed program was:
| /* confdefs.h */
| #define PACKAGE_NAME "qodem"
| #define PACKAGE_TARNAME "qodem"
| #define PACKAGE_VERSION "1.0.1"
| #define PACKAGE_STRING "qodem 1.0.1"
| #define PACKAGE_BUGREPORT ""
| #define PACKAGE_URL ""
| #define PACKAGE "qodem"
| #define VERSION "1.0.1"
| #define STDC_HEADERS 1
| #define HAVE_SYS_TYPES_H 1
| #define HAVE_SYS_STAT_H 1
| #define HAVE_STDLIB_H 1
| #define HAVE_STRING_H 1
| #define HAVE_MEMORY_H 1
| #define HAVE_STRINGS_H 1
| #define HAVE_INTTYPES_H 1
| #define HAVE_STDINT_H 1
| #define HAVE_UNISTD_H 1
| #define HAVE_SYS_SELECT_H 1
| #define HAVE_PTY_H 1
| #define HAVE_GETOPT_H 1
| #define HAVE_NCURSESW_CURSES_H 1
| /* end confdefs.h.  */
| 
| /* Override any GCC internal prototype to avoid an error.
|    Use char because int might match the return type of a GCC
|    builtin and then its argument prototype would still apply.  */
| #ifdef __cplusplus
| extern "C"
| #endif
| char forkpty ();
| int
| main ()
| {
| return forkpty ();
|   ;
|   return 0;
| }
configure:4295: gcc -o conftest -O2 -g -pipe -Wall -Werror=format-security -Wp,-D_FORTIFY_SOURCE=2 -Wp,-D_GLIBCXX_ASSERTIONS -fexceptions -fstack-protector-strong -grecord-gcc-switches -specs=/usr/lib/rpm/redhat/redhat-hardened-cc1 -specs=/usr/lib/rpm/redhat/redhat-annobin-cc1 -m64 -mtune=generic -fasynchronous-unwind-tables -fstack-clash-protection -fcf-protection -DQ_NO_NEWTERM  -Wl,-z,relro -Wl,--as-needed  -Wl,-z,now -specs=/usr/lib/rpm/redhat/redhat-hardened-ld conftest.c -lutil   >&5
configure:4295: $? = 0
configure:4312: result: -lutil
configure:4322: checking for forkpty
configure:4322: gcc -o conftest -O2 -g -pipe -Wall -Werror=format-security -Wp,-D_FORTIFY_SOURCE=2 -Wp,-D_GLIBCXX_ASSERTIONS -fexceptions -fstack-protector-strong -grecord-gcc-switches -specs=/usr/lib/rpm/redhat/redhat-hardened-cc1 -specs=/usr/lib/rpm/redhat/redhat-annobin-cc1 -m64 -mtune=generic -fasynchronous-unwind-tables -fstack-clash-protection -fcf-protection -DQ_NO_NEWTERM  -Wl,-z,relro -Wl,--as-needed  -Wl,-z,now -specs=/usr/lib/rpm/redhat/redhat-hardened-ld conftest.c -lutil  >&5
configure:4322: $? = 0
configure:4322: result: yes
configure:4331: checking for mvwadd_wch in -lncursesw
configure:4356: gcc -o conftest -O2 -g -pipe -Wall -Werror=format-security -Wp,-D_FORTIFY_SOURCE=2 -Wp,-D_GLIBCXX_ASSERTIONS -fexceptions -fstack-protector-strong -grecord-gcc-switches -specs=/usr/lib/rpm/redhat/redhat-hardened-cc1 -specs=/usr/lib/rpm/redhat/redhat-annobin-cc1 -m64 -mtune=generic -fasynchronous-unwind-tables -fstack-clash-protection -fcf-protection -DQ_NO_NEWTERM  -Wl,-z,relro -Wl,--as-needed  -Wl,-z,now -specs=/usr/lib/rpm/redhat/redhat-hardened-ld conftest.c -lncursesw  -lutil  >&5
configure:4356: $? = 0
configure:4365: result: yes
configure:4373: checking for mvwadd_wch in -lncurses
configure:4398: gcc -o conftest -O2 -g -pipe -Wall -Werror=format-security -Wp,-D_FORTIFY_SOURCE=2 -Wp,-D_GLIBCXX_ASSERTIONS -fexceptions -fstack-protector-strong -grecord-gcc-switches -specs=/usr/lib/rpm/redhat/redhat-hardened-cc1 -specs=/usr/lib/rpm/redhat/redhat-annobin-cc1 -m64 -mtune=generic -fasynchronous-unwind-tables -fstack-clash-protection -fcf-protection -DQ_NO_NEWTERM  -Wl,-z,relro -Wl,--as-needed  -Wl,-z,now -specs=/usr/lib/rpm/redhat/redhat-hardened-ld conftest.c -lncurses  -lutil  >&5
/usr/bin/ld: /tmp/ccMGdBdY.o: in function `main':
/home/evan/rpmbuild/BUILD/qodem-1.0.1/conftest.c:37: undefined reference to `mvwadd_wch'
collect2: error: ld returned 1 exit status
configure:4398: $? = 1
configure: failed program was:
| /* confdefs.h */
| #define PACKAGE_NAME "qodem"
| #define PACKAGE_TARNAME "qodem"
| #define PACKAGE_VERSION "1.0.1"
| #define PACKAGE_STRING "qodem 1.0.1"
| #define PACKAGE_BUGREPORT ""
| #define PACKAGE_URL ""
| #define PACKAGE "qodem"
| #define VERSION "1.0.1"
| #define STDC_HEADERS 1
| #define HAVE_SYS_TYPES_H 1
| #define HAVE_SYS_STAT_H 1
| #define HAVE_STDLIB_H 1
| #define HAVE_STRING_H 1
| #define HAVE_MEMORY_H 1
| #define HAVE_STRINGS_H 1
| #define HAVE_INTTYPES_H 1
| #define HAVE_STDINT_H 1
| #define HAVE_UNISTD_H 1
| #define HAVE_SYS_SELECT_H 1
| #define HAVE_PTY_H 1
| #define HAVE_GETOPT_H 1
| #define HAVE_NCURSESW_CURSES_H 1
| #define HAVE_FORKPTY 1
| /* end confdefs.h.  */
| 
| /* Override any GCC internal prototype to avoid an error.
|    Use char because int might match the return type of a GCC
|    builtin and then its argument prototype would still apply.  */
| #ifdef __cplusplus
| extern "C"
| #endif
| char mvwadd_wch ();
| int
| main ()
| {
| return mvwadd_wch ();
|   ;
|   return 0;
| }
configure:4407: result: no
configure:4415: checking for upnpDiscover in -lminiupnpc
configure:4440: gcc -o conftest -O2 -g -pipe -Wall -Werror=format-security -Wp,-D_FORTIFY_SOURCE=2 -Wp,-D_GLIBCXX_ASSERTIONS -fexceptions -fstack-protector-strong -grecord-gcc-switches -specs=/usr/lib/rpm/redhat/redhat-hardened-cc1 -specs=/usr/lib/rpm/redhat/redhat-annobin-cc1 -m64 -mtune=generic -fasynchronous-unwind-tables -fstack-clash-protection -fcf-protection -DQ_NO_NEWTERM  -Wl,-z,relro -Wl,--as-needed  -Wl,-z,now -specs=/usr/lib/rpm/redhat/redhat-hardened-ld conftest.c -lminiupnpc  -lutil  >&5
/usr/bin/ld: cannot find -lminiupnpc
collect2: error: ld returned 1 exit status
configure:4440: $? = 1
configure: failed program was:
| /* confdefs.h */
| #define PACKAGE_NAME "qodem"
| #define PACKAGE_TARNAME "qodem"
| #define PACKAGE_VERSION "1.0.1"
| #define PACKAGE_STRING "qodem 1.0.1"
| #define PACKAGE_BUGREPORT ""
| #define PACKAGE_URL ""
| #define PACKAGE "qodem"
| #define VERSION "1.0.1"
| #define STDC_HEADERS 1
| #define HAVE_SYS_TYPES_H 1
| #define HAVE_SYS_STAT_H 1
| #define HAVE_STDLIB_H 1
| #define HAVE_STRING_H 1
| #define HAVE_MEMORY_H 1
| #define HAVE_STRINGS_H 1
| #define HAVE_INTTYPES_H 1
| #define HAVE_STDINT_H 1
| #define HAVE_UNISTD_H 1
| #define HAVE_SYS_SELECT_H 1
| #define HAVE_PTY_H 1
| #define HAVE_GETOPT_H 1
| #define HAVE_NCURSESW_CURSES_H 1
| #define HAVE_FORKPTY 1
| /* end confdefs.h.  */
| 
| /* Override any GCC internal prototype to avoid an error.
|    Use char because int might match the return type of a GCC
|    builtin and then its argument prototype would still apply.  */
| #ifdef __cplusplus
| extern "C"
| #endif
| char upnpDiscover ();
| int
| main ()
| {
| return upnpDiscover ();
|   ;
|   return 0;
| }
configure:4449: result: no
configure:4457: checking for Gpm_Open in -lgpm
configure:4482: gcc -o conftest -O2 -g -pipe -Wall -Werror=format-security -Wp,-D_FORTIFY_SOURCE=2 -Wp,-D_GLIBCXX_ASSERTIONS -fexceptions -fstack-protector-strong -grecord-gcc-switches -specs=/usr/lib/rpm/redhat/redhat-hardened-cc1 -specs=/usr/lib/rpm/redhat/redhat-annobin-cc1 -m64 -mtune=generic -fasynchronous-unwind-tables -fstack-clash-protection -fcf-protection -DQ_NO_NEWTERM  -Wl,-z,relro -Wl,--as-needed  -Wl,-z,now -specs=/usr/lib/rpm/redhat/redhat-hardened-ld conftest.c -lgpm  -lutil  >&5
configure:4482: $? = 0
configure:4491: result: yes
configure:4506: checking for SDL_Init in -lSDL
configure:4531: gcc -o conftest -O2 -g -pipe -Wall -Werror=format-security -Wp,-D_FORTIFY_SOURCE=2 -Wp,-D_GLIBCXX_ASSERTIONS -fexceptions -fstack-protector-strong -grecord-gcc-switches -specs=/usr/lib/rpm/redhat/redhat-hardened-cc1 -specs=/usr/lib/rpm/redhat/redhat-annobin-cc1 -m64 -mtune=generic -fasynchronous-unwind-tables -fstack-clash-protection -fcf-protection -DQ_NO_NEWTERM  -Wl,-z,relro -Wl,--as-needed  -Wl,-z,now -specs=/usr/lib/rpm/redhat/redhat-hardened-ld conftest.c -lSDL  -lutil  >&5
/usr/bin/ld: cannot find -lSDL
collect2: error: ld returned 1 exit status
configure:4531: $? = 1
configure: failed program was:
| /* confdefs.h */
| #define PACKAGE_NAME "qodem"
| #define PACKAGE_TARNAME "qodem"
| #define PACKAGE_VERSION "1.0.1"
| #define PACKAGE_STRING "qodem 1.0.1"
| #define PACKAGE_BUGREPORT ""
| #define PACKAGE_URL ""
| #define PACKAGE "qodem"
| #define VERSION "1.0.1"
| #define STDC_HEADERS 1
| #define HAVE_SYS_TYPES_H 1
| #define HAVE_SYS_STAT_H 1
| #define HAVE_STDLIB_H 1
| #define HAVE_STRING_H 1
| #define HAVE_MEMORY_H 1
| #define HAVE_STRINGS_H 1
| #define HAVE_INTTYPES_H 1
| #define HAVE_STDINT_H 1
| #define HAVE_UNISTD_H 1
| #define HAVE_SYS_SELECT_H 1
| #define HAVE_PTY_H 1
| #define HAVE_GETOPT_H 1
| #define HAVE_NCURSESW_CURSES_H 1
| #define HAVE_FORKPTY 1
| /* end confdefs.h.  */
| 
| /* Override any GCC internal prototype to avoid an error.
|    Use char because int might match the return type of a GCC
|    builtin and then its argument prototype would still apply.  */
| #ifdef __cplusplus
| extern "C"
| #endif
| char SDL_Init ();
| int
| main ()
| {
| return SDL_Init ();
|   ;
|   return 0;
| }
configure:4540: result: no
configure:4556:  *** Disable SDL *** 
configure:4609:  *** ncurses found *** 
configure:4642:  --- Cryptlib default: disable --- 
configure:4647:  *** Disable cryptlib *** 
configure:4674:  *** Disable UPnP *** 
configure:4718:  *** libgpm found *** 
configure:4830: checking that generated files are newer than configure
configure:4836: result: done
configure:4863: creating ./config.status

## ---------------------- ##
## Running config.status. ##
## ---------------------- ##

This file was extended by qodem config.status 1.0.1, which was
generated by GNU Autoconf 2.69.  Invocation command line was

  CONFIG_FILES    = 
  CONFIG_HEADERS  = 
  CONFIG_LINKS    = 
  CONFIG_COMMANDS = 
  $ ./config.status 

on titan

config.status:860: creating Makefile
config.status:860: creating source/config.h
config.status:1089: executing depfiles commands

## ---------------- ##
## Cache variables. ##
## ---------------- ##

ac_cv_c_compiler_gnu=yes
ac_cv_env_CC_set=
ac_cv_env_CC_value=
ac_cv_env_CFLAGS_set=set
ac_cv_env_CFLAGS_value='-O2 -g -pipe -Wall -Werror=format-security -Wp,-D_FORTIFY_SOURCE=2 -Wp,-D_GLIBCXX_ASSERTIONS -fexceptions -fstack-protector-strong -grecord-gcc-switches -specs=/usr/lib/rpm/redhat/redhat-hardened-cc1 -specs=/usr/lib/rpm/redhat/redhat-annobin-cc1 -m64 -mtune=generic -fasynchronous-unwind-tables -fstack-clash-protection -fcf-protection'
ac_cv_env_CPPFLAGS_set=
ac_cv_env_CPPFLAGS_value=
ac_cv_env_CPP_set=
ac_cv_env_CPP_value=
ac_cv_env_LDFLAGS_set=set
ac_cv_env_LDFLAGS_value='-Wl,-z,relro -Wl,--as-needed  -Wl,-z,now -specs=/usr/lib/rpm/redhat/redhat-hardened-ld'
ac_cv_env_LIBS_set=
ac_cv_env_LIBS_value=
ac_cv_env_build_alias_set=set
ac_cv_env_build_alias_value=x86_64-redhat-linux-gnu
ac_cv_env_host_alias_set=set
ac_cv_env_host_alias_value=x86_64-redhat-linux-gnu
ac_cv_env_target_alias_set=
ac_cv_env_target_alias_value=
ac_cv_func_forkpty=yes
ac_cv_header_getopt_h=yes
ac_cv_header_inttypes_h=yes
ac_cv_header_libutil_h=no
ac_cv_header_memory_h=yes
ac_cv_header_miniupnpc_miniupnpc_h=no
ac_cv_header_ncursesw_curses_h=yes
ac_cv_header_pty_h=yes
ac_cv_header_stdc=yes
ac_cv_header_stdint_h=yes
ac_cv_header_stdlib_h=yes
ac_cv_header_string_h=yes
ac_cv_header_strings_h=yes
ac_cv_header_sys_select_h=yes
ac_cv_header_sys_stat_h=yes
ac_cv_header_sys_types_h=yes
ac_cv_header_unistd_h=yes
ac_cv_header_util_h=no
ac_cv_lib_SDL_SDL_Init=no
ac_cv_lib_gpm_Gpm_Open=yes
ac_cv_lib_miniupnpc_upnpDiscover=no
ac_cv_lib_ncurses_mvwadd_wch=no
ac_cv_lib_ncursesw_mvwadd_wch=yes
ac_cv_objext=o
ac_cv_path_EGREP='/usr/bin/grep -E'
ac_cv_path_GREP=/usr/bin/grep
ac_cv_path_install='/usr/bin/install -c'
ac_cv_path_mkdir=/usr/bin/mkdir
ac_cv_prog_AWK=gawk
ac_cv_prog_CPP='gcc -E'
ac_cv_prog_ac_ct_CC=gcc
ac_cv_prog_cc_c89=
ac_cv_prog_cc_g=yes
ac_cv_prog_make_make_set=yes
ac_cv_search_forkpty=-lutil
am_cv_CC_dependencies_compiler_type=none
am_cv_make_support_nested_variables=yes
am_cv_prog_cc_c_o=yes

## ----------------- ##
## Output variables. ##
## ----------------- ##

ACLOCAL='${SHELL} '\''/home/evan/rpmbuild/BUILD/qodem-1.0.1/missing'\'' aclocal-1.16'
AMDEPBACKSLASH=''
AMDEP_FALSE=''
AMDEP_TRUE='#'
AMTAR='$${TAR-tar}'
AM_BACKSLASH='\'
AM_DEFAULT_V='$(AM_DEFAULT_VERBOSITY)'
AM_DEFAULT_VERBOSITY='1'
AM_V='$(V)'
AUTOCONF='${SHELL} '\''/home/evan/rpmbuild/BUILD/qodem-1.0.1/missing'\'' autoconf'
AUTOHEADER='${SHELL} '\''/home/evan/rpmbuild/BUILD/qodem-1.0.1/missing'\'' autoheader'
AUTOMAKE='${SHELL} '\''/home/evan/rpmbuild/BUILD/qodem-1.0.1/missing'\'' automake-1.16'
AWK='gawk'
CC='gcc'
CCDEPMODE='depmode=none'
CFLAGS='-O2 -g -pipe -Wall -Werror=format-security -Wp,-D_FORTIFY_SOURCE=2 -Wp,-D_GLIBCXX_ASSERTIONS -fexceptions -fstack-protector-strong -grecord-gcc-switches -specs=/usr/lib/rpm/redhat/redhat-hardened-cc1 -specs=/usr/lib/rpm/redhat/redhat-annobin-cc1 -m64 -mtune=generic -fasynchronous-unwind-tables -fstack-clash-protection -fcf-protection -DQ_NO_NEWTERM -DQ_ENABLE_GPM'
CPP='gcc -E'
CPPFLAGS=''
CYGPATH_W='echo'
DEFS='-DHAVE_CONFIG_H'
DEPDIR='.deps'
ECHO_C=''
ECHO_N='-n'
ECHO_T=''
EGREP='/usr/bin/grep -E'
EXEEXT=''
GREP='/usr/bin/grep'
INSTALL_DATA='${INSTALL} -m 644'
INSTALL_PROGRAM='${INSTALL}'
INSTALL_SCRIPT='${INSTALL}'
INSTALL_STRIP_PROGRAM='$(install_sh) -c -s'
LDFLAGS='-Wl,-z,relro -Wl,--as-needed  -Wl,-z,now -specs=/usr/lib/rpm/redhat/redhat-hardened-ld'
LIBOBJS=''
LIBS='-lncursesw -lutil  -lgpm'
LTLIBOBJS=''
MAKEINFO='${SHELL} '\''/home/evan/rpmbuild/BUILD/qodem-1.0.1/missing'\'' makeinfo'
MKDIR_P='/usr/bin/mkdir -p'
OBJEXT='o'
PACKAGE='qodem'
PACKAGE_BUGREPORT=''
PACKAGE_NAME='qodem'
PACKAGE_STRING='qodem 1.0.1'
PACKAGE_TARNAME='qodem'
PACKAGE_URL=''
PACKAGE_VERSION='1.0.1'
PATH_SEPARATOR=':'
QODEMX11=''
Q_X11_BUILD_FALSE=''
Q_X11_BUILD_TRUE='#'
SET_MAKE=''
SHELL='/bin/sh'
STRIP=''
VERSION='1.0.1'
ac_ct_CC='gcc'
am__EXEEXT_FALSE=''
am__EXEEXT_TRUE='#'
am__fastdepCC_FALSE=''
am__fastdepCC_TRUE='#'
am__include='include'
am__isrc=''
am__leading_dot='.'
am__nodep=''
am__quote=''
am__tar='$${TAR-tar} chof - "$$tardir"'
am__untar='$${TAR-tar} xf -'
bindir='/usr/bin'
build_alias='x86_64-redhat-linux-gnu'
datadir='/usr/share'
datarootdir='${prefix}/share'
docdir='${datarootdir}/doc/${PACKAGE_TARNAME}'
dvidir='${docdir}'
exec_prefix='/usr'
host_alias='x86_64-redhat-linux-gnu'
htmldir='${docdir}'
includedir='/usr/include'
infodir='/usr/share/info'
install_sh='${SHELL} /home/evan/rpmbuild/BUILD/qodem-1.0.1/install-sh'
libdir='/usr/lib64'
libexecdir='/usr/libexec'
localedir='${datarootdir}/locale'
localstatedir='/var'
mandir='/usr/share/man'
mkdir_p='$(MKDIR_P)'
oldincludedir='/usr/include'
pdfdir='${docdir}'
prefix='/usr'
program_transform_name='s&^&&'
psdir='${docdir}'
runstatedir='${localstatedir}/run'
sbindir='/usr/sbin'
sharedstatedir='/var/lib'
subdirs=''
sysconfdir='/etc'
target_alias=''

## ----------- ##
## confdefs.h. ##
## ----------- ##

/* confdefs.h */
#define PACKAGE_NAME "qodem"
#define PACKAGE_TARNAME "qodem"
#define PACKAGE_VERSION "1.0.1"
#define PACKAGE_STRING "qodem 1.0.1"
#define PACKAGE_BUGREPORT ""
#define PACKAGE_URL ""
#define PACKAGE "qodem"
#define VERSION "1.0.1"
#define STDC_HEADERS 1
#define HAVE_SYS_TYPES_H 1
#define HAVE_SYS_STAT_H 1
#define HAVE_STDLIB_H 1
#define HAVE_STRING_H 1
#define HAVE_MEMORY_H 1
#define HAVE_STRINGS_H 1
#define HAVE_INTTYPES_H 1
#define HAVE_STDINT_H 1
#define HAVE_UNISTD_H 1
#define HAVE_SYS_SELECT_H 1
#define HAVE_PTY_H 1
#define HAVE_GETOPT_H 1
#define HAVE_NCURSESW_CURSES_H 1
#define HAVE_FORKPTY 1

configure: exit 0
